[11/01/2016 16:13:54] [e(0)] core: Connection not established: ActiveRecord::ConnectionNotEstablished ActiveRecord::ConnectionNotEstablished:
/usr/local/rvm/gems/ruby-2.3.1@metasploit-framework/gems/activerecord-4.2.7.1/lib/active_record/connection_handling.rb:109:in `connection_pool'
/opt/msf/lib/msf/core/db_manager/connection.rb:123:in `connection_established?'
/opt/msf/lib/msf/core/db_manager/adapter.rb:32:in `initialize_adapter'
/opt/msf/lib/msf/core/db_manager.rb:162:in `initialize_database_support'
/opt/msf/lib/msf/core/db_manager.rb:125:in `initialize'
/opt/msf/lib/msf/core/framework.rb:198:in `new'
/opt/msf/lib/msf/core/framework.rb:198:in `block in db'
/usr/local/rvm/rubies/ruby-2.3.1/lib/ruby/2.3.0/monitor.rb:214:in `mon_synchronize'
/opt/msf/lib/msf/core/framework.rb:197:in `db'
/opt/msf/lib/msf/ui/console/driver.rb:113:in `initialize'
/opt/msf/lib/metasploit/framework/command/console.rb:62:in `new'
/opt/msf/lib/metasploit/framework/command/console.rb:62:in `driver'
/opt/msf/lib/metasploit/framework/command/console.rb:48:in `start'
/opt/msf/lib/metasploit/framework/command/base.rb:82:in `start'
/usr/local/bin/msfconsole:48:in `<main>'
[11/01/2016 16:13:54] [e(0)] core: Connection not established: ActiveRecord::ConnectionNotEstablished ActiveRecord::ConnectionNotEstablished:
/usr/local/rvm/gems/ruby-2.3.1@metasploit-framework/gems/activerecord-4.2.7.1/lib/active_record/connection_handling.rb:109:in `connection_pool'
/opt/msf/lib/msf/core/db_manager/connection.rb:123:in `connection_established?'
/opt/msf/lib/msf/ui/console/driver.rb:157:in `initialize'
/opt/msf/lib/metasploit/framework/command/console.rb:62:in `new'
/opt/msf/lib/metasploit/framework/command/console.rb:62:in `driver'
/opt/msf/lib/metasploit/framework/command/console.rb:48:in `start'
/opt/msf/lib/metasploit/framework/command/base.rb:82:in `start'
/usr/local/bin/msfconsole:48:in `<main>'
[11/01/2016 16:13:54] [e(0)] core: Connection not established: ActiveRecord::ConnectionNotEstablished ActiveRecord::ConnectionNotEstablished:
/usr/local/rvm/gems/ruby-2.3.1@metasploit-framework/gems/activerecord-4.2.7.1/lib/active_record/connection_handling.rb:109:in `connection_pool'
/opt/msf/lib/msf/core/db_manager/connection.rb:123:in `connection_established?'
/opt/msf/lib/msf/core/db_manager/connection.rb:54:in `connect'
/opt/msf/lib/msf/ui/console/driver.rb:174:in `initialize'
/opt/msf/lib/metasploit/framework/command/console.rb:62:in `new'
/opt/msf/lib/metasploit/framework/command/console.rb:62:in `driver'
/opt/msf/lib/metasploit/framework/command/console.rb:48:in `start'
/opt/msf/lib/metasploit/framework/command/base.rb:82:in `start'
/usr/local/bin/msfconsole:48:in `<main>'
[11/01/2016 16:13:54] [i(0)] core: Database doesn't exist "msfdb", attempting to create it.
[11/01/2016 16:14:57] [e(0)] core: The following options failed to validate: Value 'http://854b6902.ngrok.io' is not valid for option 'RHOST'.
[11/01/2016 16:18:18] [e(0)] core: Exploit failed (multi/http/tomcat_mgr_deploy): Rex::ConnectionRefused The connection was refused by the remote host (127.0.0.1:80).
[11/01/2016 16:27:21] [e(0)] core: Exploit failed (multi/http/tomcat_mgr_upload): The following options failed to validate: RHOST.
[11/01/2016 16:28:57] [e(0)] core: Exploit failed (multi/http/tomcat_mgr_upload): java/meterpreter/reverse_tcp is not a compatible payload.
[11/01/2016 16:29:08] [e(0)] core: Exploit failed (multi/http/tomcat_mgr_upload): An invalid argument was specified. Invalid target index.
[11/01/2016 16:29:18] [e(0)] core: Exploit failed (multi/http/tomcat_mgr_upload): java/meterpreter/reverse_tcp is not a compatible payload.
[11/01/2016 16:31:01] [e(0)] core: Exploit failed (multi/http/tomcat_mgr_upload): Rex::ConnectionRefused The connection was refused by the remote host (127.0.0.1:80).
[11/01/2016 16:31:20] [e(0)] core: Exploit failed (multi/http/tomcat_mgr_upload): Rex::ConnectionRefused The connection was refused by the remote host (127.0.0.1:80).
[11/01/2016 16:31:40] [e(0)] core: Exploit failed (multi/http/tomcat_mgr_upload): Rex::ConnectionRefused The connection was refused by the remote host (localhost:80).
[11/01/2016 16:37:35] [e(0)] core: Exploit failed (multi/http/tomcat_mgr_upload): Rex::ConnectionTimeout The connection timed out (10.0.75.1:80).
[11/01/2016 16:39:45] [e(0)] core: Exploit failed (multi/http/tomcat_mgr_upload): Rex::ConnectionTimeout The connection timed out (10.0.75.1:8081).
[11/01/2016 16:44:06] [e(0)] core: Connection not established: ActiveRecord::ConnectionNotEstablished ActiveRecord::ConnectionNotEstablished:
/usr/local/rvm/gems/ruby-2.3.1@metasploit-framework/gems/activerecord-4.2.7.1/lib/active_record/connection_handling.rb:109:in `connection_pool'
/opt/msf/lib/msf/core/db_manager/connection.rb:123:in `connection_established?'
/opt/msf/lib/msf/core/db_manager/adapter.rb:32:in `initialize_adapter'
/opt/msf/lib/msf/core/db_manager.rb:162:in `initialize_database_support'
/opt/msf/lib/msf/core/db_manager.rb:125:in `initialize'
/opt/msf/lib/msf/core/framework.rb:198:in `new'
/opt/msf/lib/msf/core/framework.rb:198:in `block in db'
/usr/local/rvm/rubies/ruby-2.3.1/lib/ruby/2.3.0/monitor.rb:214:in `mon_synchronize'
/opt/msf/lib/msf/core/framework.rb:197:in `db'
/opt/msf/lib/msf/ui/console/driver.rb:113:in `initialize'
/opt/msf/lib/metasploit/framework/command/console.rb:62:in `new'
/opt/msf/lib/metasploit/framework/command/console.rb:62:in `driver'
/opt/msf/lib/metasploit/framework/command/console.rb:48:in `start'
/opt/msf/lib/metasploit/framework/command/base.rb:82:in `start'
/usr/local/bin/msfconsole:48:in `<main>'
[11/01/2016 16:44:06] [e(0)] core: Connection not established: ActiveRecord::ConnectionNotEstablished ActiveRecord::ConnectionNotEstablished:
/usr/local/rvm/gems/ruby-2.3.1@metasploit-framework/gems/activerecord-4.2.7.1/lib/active_record/connection_handling.rb:109:in `connection_pool'
/opt/msf/lib/msf/core/db_manager/connection.rb:123:in `connection_established?'
/opt/msf/lib/msf/ui/console/driver.rb:157:in `initialize'
/opt/msf/lib/metasploit/framework/command/console.rb:62:in `new'
/opt/msf/lib/metasploit/framework/command/console.rb:62:in `driver'
/opt/msf/lib/metasploit/framework/command/console.rb:48:in `start'
/opt/msf/lib/metasploit/framework/command/base.rb:82:in `start'
/usr/local/bin/msfconsole:48:in `<main>'
[11/01/2016 16:44:06] [e(0)] core: Connection not established: ActiveRecord::ConnectionNotEstablished ActiveRecord::ConnectionNotEstablished:
/usr/local/rvm/gems/ruby-2.3.1@metasploit-framework/gems/activerecord-4.2.7.1/lib/active_record/connection_handling.rb:109:in `connection_pool'
/opt/msf/lib/msf/core/db_manager/connection.rb:123:in `connection_established?'
/opt/msf/lib/msf/core/db_manager/connection.rb:54:in `connect'
/opt/msf/lib/msf/ui/console/driver.rb:174:in `initialize'
/opt/msf/lib/metasploit/framework/command/console.rb:62:in `new'
/opt/msf/lib/metasploit/framework/command/console.rb:62:in `driver'
/opt/msf/lib/metasploit/framework/command/console.rb:48:in `start'
/opt/msf/lib/metasploit/framework/command/base.rb:82:in `start'
/usr/local/bin/msfconsole:48:in `<main>'
[11/01/2016 16:44:38] [e(0)] core: Exploit failed (multi/http/tomcat_mgr_upload): The following options failed to validate: RHOST.
[11/01/2016 17:13:30] [e(0)] core: Connection not established: ActiveRecord::ConnectionNotEstablished ActiveRecord::ConnectionNotEstablished:
/usr/local/rvm/gems/ruby-2.3.1@metasploit-framework/gems/activerecord-4.2.7.1/lib/active_record/connection_handling.rb:109:in `connection_pool'
/opt/msf/lib/msf/core/db_manager/connection.rb:123:in `connection_established?'
/opt/msf/lib/msf/core/db_manager/adapter.rb:32:in `initialize_adapter'
/opt/msf/lib/msf/core/db_manager.rb:162:in `initialize_database_support'
/opt/msf/lib/msf/core/db_manager.rb:125:in `initialize'
/opt/msf/lib/msf/core/framework.rb:198:in `new'
/opt/msf/lib/msf/core/framework.rb:198:in `block in db'
/usr/local/rvm/rubies/ruby-2.3.1/lib/ruby/2.3.0/monitor.rb:214:in `mon_synchronize'
/opt/msf/lib/msf/core/framework.rb:197:in `db'
/opt/msf/lib/msf/ui/console/driver.rb:113:in `initialize'
/opt/msf/lib/metasploit/framework/command/console.rb:62:in `new'
/opt/msf/lib/metasploit/framework/command/console.rb:62:in `driver'
/opt/msf/lib/metasploit/framework/command/console.rb:48:in `start'
/opt/msf/lib/metasploit/framework/command/base.rb:82:in `start'
/usr/local/bin/msfconsole:48:in `<main>'
[11/01/2016 17:13:30] [e(0)] core: Connection not established: ActiveRecord::ConnectionNotEstablished ActiveRecord::ConnectionNotEstablished:
/usr/local/rvm/gems/ruby-2.3.1@metasploit-framework/gems/activerecord-4.2.7.1/lib/active_record/connection_handling.rb:109:in `connection_pool'
/opt/msf/lib/msf/core/db_manager/connection.rb:123:in `connection_established?'
/opt/msf/lib/msf/ui/console/driver.rb:157:in `initialize'
/opt/msf/lib/metasploit/framework/command/console.rb:62:in `new'
/opt/msf/lib/metasploit/framework/command/console.rb:62:in `driver'
/opt/msf/lib/metasploit/framework/command/console.rb:48:in `start'
/opt/msf/lib/metasploit/framework/command/base.rb:82:in `start'
/usr/local/bin/msfconsole:48:in `<main>'
[11/01/2016 17:13:30] [e(0)] core: Connection not established: ActiveRecord::ConnectionNotEstablished ActiveRecord::ConnectionNotEstablished:
/usr/local/rvm/gems/ruby-2.3.1@metasploit-framework/gems/activerecord-4.2.7.1/lib/active_record/connection_handling.rb:109:in `connection_pool'
/opt/msf/lib/msf/core/db_manager/connection.rb:123:in `connection_established?'
/opt/msf/lib/msf/core/db_manager/connection.rb:54:in `connect'
/opt/msf/lib/msf/ui/console/driver.rb:174:in `initialize'
/opt/msf/lib/metasploit/framework/command/console.rb:62:in `new'
/opt/msf/lib/metasploit/framework/command/console.rb:62:in `driver'
/opt/msf/lib/metasploit/framework/command/console.rb:48:in `start'
/opt/msf/lib/metasploit/framework/command/base.rb:82:in `start'
/usr/local/bin/msfconsole:48:in `<main>'
[11/01/2016 17:13:30] [i(0)] core: Database doesn't exist "msfdb", attempting to create it.
[11/01/2016 17:18:21] [e(0)] core: Exploit failed (multi/http/tomcat_mgr_upload): java/meterpreter/reverse_tcp is not a compatible payload.
[11/01/2016 17:18:22] [e(0)] core: Exploit failed (multi/http/tomcat_mgr_upload): java/meterpreter/reverse_tcp is not a compatible payload.
